63,http://govtcollegekariavattom.ac.in
204,http://www.berlangadeduero.es
207,http://www.bjtrucks.com
322,http://www.swan.com.bd
543,https://akademia.amnesty.hu
563,https://ale.niftyentries.com
916,https://benheine.com
1050,https://boat-zone.creator-spring.com
1070,https://booklist-lab.com
1535,https://create26.hu
1676,https://desenvolve.se.gov.br
2086,https://fadlprivate.com
2154,https://fightg.com
2173,https://firwoodtimber.co.uk
2668,https://historyofjapan.co.uk
2791,https://ilgiornaledelturismo.com
2834,https://infirayoptics.co.nz
3300,https://lamaisondeanna.com
4029,https://newcreativities.com
4044,https://nexobienesraices.ar
4130,https://obriens.ru
4610,https://promokod777.com
4856,https://rostov.winestyle.ru
4900,https://sadowski.edu.pl
4957,https://sarms.io
4998,https://sds.evonik.com
5953,https://vetmat.com.br
6239,https://www.accentosalute.it
6268,https://www.afcfta24.com
6279,https://www.agriomarket.com
6281,https://www.agro-kocieba.pl
6464,https://www.baag.com.ar
7083,https://www.elektradomesticos.es
7252,https://www.fondazioneeris.it
7328,https://www.gelform.com.ar
7596,https://www.indiankitchen-bonn.de
7765,https://www.kidsandkafe.com
7865,https://www.laristo.it
