5,http://alanoniran.ir
32,http://ckaufman.com
140,http://proscada.ru
302,http://www.rttcmysore.bsnl.co.in
329,http://www.tuisyen.my
854,https://barekotmun.gov.np
868,https://bau.umm.ac.id
938,https://beurettevideos.org
965,https://billscorp.globe.com.ph
1070,https://booklist-lab.com
1138,https://buonappetitoristorante.com
1158,https://bwsangha.eoffering.org.tw
1242,https://casinomarico.info
1276,https://centralcanap.fr
1347,https://choochootrain.com.my
1546,https://cricmasterapp.com
1676,https://desenvolve.se.gov.br
1763,https://donsabores.com
1881,https://edgeneer.com
1979,https://ennajah-librairie.com
2086,https://fadlprivate.com
2137,https://fesselmenfirearms.com
2173,https://firwoodtimber.co.uk
2257,https://french-films.my1.ru
2436,https://gogobrazil.com
2601,https://hearthotelmilano.it
2668,https://historyofjapan.co.uk
2851,https://inpowermotors2.com
3202,https://korean-air.biz
3473,https://lornrider.com
3557,https://m2-krd.site
3613,https://mapy.zywiec.powiat.pl
3871,https://mpsotc.army.gr
4011,https://needzoon.com.bd
4493,https://pmi.purbalinggakab.go.id
4504,https://pokemaru.info
4578,https://primealuminium.com.pk
4998,https://sds.evonik.com
5037,https://senkronseals.com
5050,https://serravalle.it
5058,https://servitravel.es
5239,https://sobatgacor88x.pro
5307,https://spliszyno.pl
5417,https://sunkoshimunsindhuli.gov.np
5474,https://szurkoloknak.com
5557,https://terapagesan.com
6014,https://vista-sante.com
6239,https://www.accentosalute.it
6366,https://www.apsroofingservices.co.uk
6659,https://www.camaraiguatemi.ms.gov.br
6767,https://www.cidaut.es
7127,https://www.eproteca.com
7156,https://www.eventassec.de
7252,https://www.fondazioneeris.it
7324,https://www.gcwnk.ac.in
7337,https://www.gerantidis-gas.gr
7483,https://www.hi-chew.com.tw
7516,https://www.hosteriapatagon.com.ar
7571,https://www.iglesiacatolica.org.gt
7573,https://www.ikeg.nl
7596,https://www.indiankitchen-bonn.de
7600,https://www.inigame.id
7698,https://www.joybaji1.com
7965,https://www.macatawagc.com
9007,https://www.syjh.ntpc.edu.tw
9298,https://www.vivre-orleans.fr
9415,https://www.ym3hp6pdxj.life
