32,http://ckaufman.com
49,http://drkutaybiberoglu.com
63,http://govtcollegekariavattom.ac.in
121,http://nobat.irankhodrozibaee.ir
140,http://proscada.ru
213,http://www.cammunicipio1.aldia.it
302,http://www.rttcmysore.bsnl.co.in
727,https://arzemnoten.com
756,https://asumsi.id
938,https://beurettevideos.org
1070,https://booklist-lab.com
1145,https://busan-valentine-marseille.fr
1242,https://casinomarico.info
1246,https://cat.eei.jp
1593,https://daamkala.com
1676,https://desenvolve.se.gov.br
1725,https://disruptingminds.com
1763,https://donsabores.com
1837,https://duotermica.it
1979,https://ennajah-librairie.com
2086,https://fadlprivate.com
2137,https://fesselmenfirearms.com
2436,https://gogobrazil.com
2629,https://hentailor.com
2668,https://historyofjapan.co.uk
3202,https://korean-air.biz
3557,https://m2-krd.site
3593,https://makskala.ir
3613,https://mapy.zywiec.powiat.pl
3660,https://masyounomiya.eei.jp
3878,https://mrwakamiya12.angelfire.com
3914,https://mwork.kskcr.kr
4011,https://needzoon.com.bd
4341,https://patientportal.myaisconnect.com
4463,https://pizzariaoba.com.br
4504,https://pokemaru.info
4673,https://radarcikarang.com
4796,https://rezervasyon.btu.edu.tr
4856,https://rostov.winestyle.ru
4909,https://saikoumesshigame-sns-yumei.com
5001,https://sealff.org
5239,https://sobatgacor88x.pro
5474,https://szurkoloknak.com
5557,https://terapagesan.com
5786,https://travelmoroccotoday-com.translate.goog
6014,https://vista-sante.com
6075,https://wap.sc.10086.cn
6149,https://winniesnyc.com
6188,https://ww25.team3inmatecanteen.com
6359,https://www.apc-cza.org
6366,https://www.apsroofingservices.co.uk
6444,https://www.automotive-control.co.uk
6483,https://www.barrandov.cz
6484,https://www.bartholomeusklip.com
6636,https://www.buscapesca.com.br
6659,https://www.camaraiguatemi.ms.gov.br
6857,https://www.cotopaxi.gob.ec
7324,https://www.gcwnk.ac.in
7483,https://www.hi-chew.com.tw
7571,https://www.iglesiacatolica.org.gt
7600,https://www.inigame.id
7698,https://www.joybaji1.com
7737,https://www.karamela.ro
8287,https://www.okutsunet.com
8677,https://www.routerfreak.com
8922,https://www.staradrukarnia.pl
9007,https://www.syjh.ntpc.edu.tw
9415,https://www.ym3hp6pdxj.life
