139,http://imedsales.com
258,http://pemdes.net
375,https://60.snuipp.fr
516,https://adsconsultant.net
740,https://analogpitch.com
837,https://appealc4.coj.go.th
1091,https://avandyadakkhodro.ir
1136,https://azapmedias.be
1508,https://boagworld.com
1809,https://centralnews.com.au
1902,https://clinicamonteirolins.com.br
2453,https://evpatoriya.32top.ru
2474,https://ezssc.in
2606,https://fragranzia.eu
2759,https://gofamilyfunzone.com
2942,https://holycrossnichitpur.com
2974,https://hssoo.meb.k12.tr
3197,https://jfsorlando.org
3218,https://jogging.bertranet.com
3246,https://juliettearmand.md
3332,https://khevannyafnh.com
3514,https://lechoeurvoyageur.fr
3632,https://lra.toulouse.archi.fr
3831,https://mgdu.dogm.mos.ru
4042,https://nagano-jinji.jp
4080,https://nekretninesremskamitrovica.rs
4383,https://petropavlovsk.fitauto.ru
4676,https://reiter-von-rohan.com
4822,https://salaramouzadeh.ir
5132,https://soploslinux.com
5389,https://tecnicaixa.com.br
5545,https://toloka.media
5596,https://trend-sport.pl
5901,https://westlandconstruction.com
6045,https://www.aleksandria-siedlce.pl
6295,https://www.boweiguan.com
6596,https://www.darktranquillity.com
6778,https://www.enolike.it
7363,https://www.kis.ac.jp
7573,https://www.mamaspizzaandsubs.com
7867,https://www.odysseuspr.com
8155,https://www.revelx.co
8639,https://www.topuertorico.org
8692,https://www.tvmatasul.com.br
8943,https://xn----7sbbgprdq0aewsedb6f.xn--p1ai
8965,https://xpack-fitness.de
8990,https://youthconference.jp
9201,http://www.eptl.in
9287,http://www.kinyobi.co.jp
9349,http://www.nikkei-orikomi.com
