34,http://bbmbdavnangal.in
190,http://mail.onma.edu.ua
258,http://pemdes.net
516,https://adsconsultant.net
671,https://almetevsk.postupi.online
837,https://appealc4.coj.go.th
1341,https://bezo.ir
1809,https://centralnews.com.au
1916,https://club.movistar.cl
1937,https://collectionmonlabo.scholareditions.ma
2571,https://flobamorataterkini.id
2774,https://gorawellness.it
2884,https://hdmovies.to
3332,https://khevannyafnh.com
3451,https://laberge.cssdgs.gouv.qc.ca
3497,https://layonaubancelouets.fr
3621,https://loveincgc.org
3831,https://mgdu.dogm.mos.ru
3928,https://moonarch.rest
4042,https://nagano-jinji.jp
4096,https://nexusemporium.tn
4383,https://petropavlovsk.fitauto.ru
4676,https://reiter-von-rohan.com
4976,https://shophoatigon.com
5010,https://shreetutorialsgeetarao.in
5545,https://toloka.media
5901,https://westlandconstruction.com
5933,https://wissen.com.ua
5987,https://www.acegroup.me
6045,https://www.aleksandria-siedlce.pl
6054,https://www.allrocksrus.com
6190,https://www.badarlorisewa.com
6511,https://www.comocontratar.com.ar
6602,https://www.davidfaragas.hu
6710,https://www.dyna-mac.com
6740,https://www.eduvisioncr.com
6769,https://www.emporiodasmaquinas.com.br
7000,https://www.go-interim.fr
7217,https://www.infiniteadventurescr.com
7247,https://www.is-group.jp
7450,https://www.lanostra.it
7653,https://www.mibex.pl
8155,https://www.revelx.co
8204,https://www.rucabel.ru
8328,https://www.sinarberkat.co.id
8576,https://www.theoliveboffin.com
9284,http://www.kdbl.org
9349,http://www.nikkei-orikomi.com
