258,http://pemdes.net
295,https://040840.khabarban.com
412,https://abdequote.itc.in
516,https://adsconsultant.net
518,https://advance.edu.pk
1091,https://avandyadakkhodro.ir
2055,https://cypergames.com
2249,https://dtqt.ftu.edu.vn
2571,https://flobamorataterkini.id
2588,https://foodcombo.com
2942,https://holycrossnichitpur.com
3097,https://interestclass.com
3332,https://khevannyafnh.com
3831,https://mgdu.dogm.mos.ru
3911,https://moglimarbella.com
4042,https://nagano-jinji.jp
4383,https://petropavlovsk.fitauto.ru
4491,https://postil-tobi.com.ua
4569,https://psychiatry2024.ima-events.co.il
4676,https://reiter-von-rohan.com
5132,https://soploslinux.com
5244,https://studiolegalevercelli.com
5545,https://toloka.media
5878,https://webshop.robotland.emmypos.be
5911,https://white-p.net
5933,https://wissen.com.ua
6045,https://www.aleksandria-siedlce.pl
6536,https://www.cordyplus.com
6710,https://www.dyna-mac.com
6740,https://www.eduvisioncr.com
6769,https://www.emporiodasmaquinas.com.br
7217,https://www.infiniteadventurescr.com
7450,https://www.lanostra.it
7523,https://www.london-gynaecologist.co.uk
7962,https://www.pbtaps.com
8990,https://youthconference.jp
9010,https://zaveh.razavichto.ir
9034,https://zorbagyrosvac.hu
9277,http://www.jogaklasyczna.com.pl
9284,http://www.kdbl.org
9366,http://www.paninomarino.com
9435,http://www.shouhouji.com
