34,http://bbmbdavnangal.in
258,http://pemdes.net
271,http://posibnyk.nus.org.ua
412,https://abdequote.itc.in
516,https://adsconsultant.net
518,https://advance.edu.pk
552,https://agenciaspine.com.br
675,https://alojamiento.complejoparis.com
796,https://antoniocabezon.es
845,https://applecreeksportsmedicine.com
1016,https://atlasglobe.ma
1091,https://avandyadakkhodro.ir
2067,https://damararikogluilkokulu.meb.k12.tr
2071,https://darkroid.partblog.ir
2119,https://descerberesdelisaac.chiens-de-france.com
2249,https://dtqt.ftu.edu.vn
2571,https://flobamorataterkini.id
2606,https://fragranzia.eu
2609,https://francoischartier.ca
2732,https://giuliopellegata.it
2768,https://goodvery.ru
3073,https://informatika.ft.unri.ac.id
3155,https://iverstak.ru
3332,https://khevannyafnh.com
3497,https://layonaubancelouets.fr
3588,https://livraria.bookinfometadados.com.br
3831,https://mgdu.dogm.mos.ru
4042,https://nagano-jinji.jp
4080,https://nekretninesremskamitrovica.rs
4250,https://ordukml.meb.k12.tr
4383,https://petropavlovsk.fitauto.ru
4676,https://reiter-von-rohan.com
4847,https://sanluigi.pftim.it
5663,https://uaua.com.br
5705,https://up5bc5x.tech
6004,https://www.adovance.co.jp
7104,https://www.hilolife.com
7363,https://www.kis.ac.jp
7419,https://www.kumate.co.jp
8277,https://www.seekpi.net
8519,https://www.taxi-lamballe.com
8640,https://www.torinofight.it
8943,https://xn----7sbbgprdq0aewsedb6f.xn--p1ai
8990,https://youthconference.jp
9349,http://www.nikkei-orikomi.com
