22,http://artimagia.pt
258,http://pemdes.net
295,https://040840.khabarban.com
343,https://39036850.khabarban.com
358,https://40058227.khabarban.com
359,https://40090996.khabarban.com
370,https://55fujix.com
516,https://adsconsultant.net
579,https://aic.ht
837,https://appealc4.coj.go.th
966,https://asankharidabzar.com
1189,https://balajiwires.in
1311,https://beritafreeport.com
1413,https://biznes.it
1599,https://britishbeaches.uk
1902,https://clinicamonteirolins.com.br
1937,https://collectionmonlabo.scholareditions.ma
2119,https://descerberesdelisaac.chiens-de-france.com
2245,https://drvictorcaponi.com.br
3251,https://jurnal.ftikomibn.ac.id
3332,https://khevannyafnh.com
3497,https://layonaubancelouets.fr
3671,https://maisondepil.com.br
3831,https://mgdu.dogm.mos.ru
3865,https://minhaigreja.org
4042,https://nagano-jinji.jp
4044,https://nagomi.bdd.jp
4096,https://nexusemporium.tn
4343,https://pctool.org
4383,https://petropavlovsk.fitauto.ru
4424,https://placeart.musicaneo.com
4676,https://reiter-von-rohan.com
5010,https://shreetutorialsgeetarao.in
5554,https://topflite.co.nz
5819,https://vladivostok.dkedra.ru
5901,https://westlandconstruction.com
6113,https://www.arkansasblue65.com
6769,https://www.emporiodasmaquinas.com.br
6915,https://www.foxbuildingsupply.com
8277,https://www.seekpi.net
8317,https://www.sicolinostorte.rs
8512,https://www.tas.scouts.com.au
8667,https://www.trippywheels.com
8741,https://www.vectronenergia.it
8943,https://xn----7sbbgprdq0aewsedb6f.xn--p1ai
8990,https://youthconference.jp
9349,http://www.nikkei-orikomi.com
9430,http://www.sesradyo10.com
9544,http://zspkrzeszowice.pl
