14,http://ajantaschools.com
47,http://biology4kids.com
75,http://catalog.umpi.edu
83,http://classic.particracy.net
208,http://joespizzafairview.com
285,http://nopasa.online
360,http://sebns.info
391,http://thymepeoria.com
404,http://trackstar.4teachers.org
534,http://www.countrywidebarns.com
539,http://www.dakstats.com
662,http://www.lamptech.co.uk
699,http://www.minec.gob.ve
948,https://0123movie.fyi
2360,https://admission.kzoo.edu
2854,https://airworksauction.proxibid.com
3289,https://alternativewellnessretreat.com
4872,https://appserv.montgomerycollege.edu
4960,https://arc.lib.montana.edu
5641,https://atlasgeneticsoncology.org
6097,https://avidxchange-my.sharepoint.com
6709,https://bbogd.com
8282,https://bombatacos.com
8472,https://bos.bojangles.com
8714,https://brazilianwaxandspabyclaudia.com
8953,https://brothers-trucks.com
9063,https://btpl.org
9145,https://bugs.openjdk.org
9233,https://burialplans.live
9653,https://calendar.gardner-webb.edu
11220,https://cgbulldogs.com
11292,https://chaopx.com
12473,https://clubcu.com
12541,https://cms.unlimitedvacationclub.com
12673,https://cobralounge.com
12742,https://cofco-campus.zhaopin.com
13335,https://connect.nais.org
13352,https://connect24.virginiatile.com
13674,https://coronavirus.delaware.gov
14425,https://ctdbase.org
14557,https://curvebreakerstestprep.com
14850,https://dalr.ae
15610,https://descargar-magistv.com
15683,https://detecto.com
15950,https://dimm175.typingclub.com
16422,https://doct.ru
16652,https://downtown-jackson.com
17380,https://ebusinesspages.com
17584,https://edmond.typingclub.com
17722,https://eggcellentwork.com
18738,https://erome.dev
18921,https://estudios.unad.edu.co
19376,https://extra.nj.bet365.com
19630,https://familymedicalmi.org
20632,https://fluid510.com
20657,https://flyfishingshow.com
20958,https://fortunemindcode.com
21378,https://freshcut.gg
23223,https://gracedowlibrary.biblionix.com
25524,https://homeschooliowa.org
25666,https://hornomx.com
25877,https://hr.kzoo.edu
25917,https://hs.cumberlandacademy.com
26069,https://humeseeds.com
26196,https://i.cuhk.edu.cn
26553,https://igfa.org
26697,https://imacos.top
26816,https://inba.gob.mx
26947,https://infinity.math-help.xyz
26964,https://info.computers-science.com
27149,https://insights.mpls.k12.mn.us
27210,https://int-enviroguard.com
27762,https://ithelp.ut.ac.ir
27953,https://jandbathome.com
28113,https://jefferson.sgusd.k12.ca.us
28355,https://jobs.greenclimate.fund
28489,https://join.cgaux.org
29038,https://kd.nsfc.cn
29313,https://kingdomworkers.com
29472,https://kmspicopt.site
29537,https://kobeyswap.com
29750,https://ky.ng.mil
29858,https://lafayette.in.gov
30443,https://learningcenter.hfsa.org
31016,https://lighthousenb.com
31057,https://lilrascalsrescue.org
31591,https://loggerheadmarinas.com
31741,https://login.tendata.cn
31816,https://longevityactive.com
32276,https://m.bjnews.com.cn
33208,https://mautic.askastrology.com
33329,https://mcdonoughga.municipalonlinepayments.com
33419,https://mdcpsportalapps2.dadeschools.net
33700,https://members.aetnadentaloffers.com
34572,https://misspursuit.com
34722,https://mobileautorepairpros.com
35002,https://montverde.instructure.com
35141,https://motchillvu.net
35514,https://murraystate.khpcontent.com
35667,https://my.aas.org
35727,https://my.cupahr.org
35740,https://my.econclubchi.org
35806,https://my.lyrasis.org
36072,https://mycof.catholicforester.org
36088,https://mycrochetpattern.com
36109,https://mydrinkbomb.com
36746,https://nationdistributor.com
36872,https://nccadv.org
37035,https://nemosnewsnetwork.com
37115,https://network.honors.uga.edu
37141,https://neuroscience.grad.uiowa.edu
37496,https://nhhs.nmusd.us
37672,https://nlmas.nlmusd.org
38741,https://olay.co.uk
39125,https://opcares.opkansas.org
39130,https://open.163.com
39445,https://originalveniceshop.com
40033,https://paperio2.glitch.me
40944,https://pgapply.cuhk.edu.cn
41082,https://phs.crprairie.org
41862,https://porchlightproductions.org
42080,https://portal.sanicoinc.com
42573,https://printanywhere.bklynlibrary.org
42630,https://pro-plugin.qcc.com
42708,https://products.thefirestore.com
42729,https://profile.ut.ac.ir
42821,https://pronline.permitrunner.net
43154,https://purekana.com
43315,https://qqcactus.poormanscow.com
43546,https://raeburnwinery.com
44739,https://rhacollection.com
44793,https://richmondnephrologyassociates.com
45127,https://rockfront.eu
45535,https://ruralhome.org
45681,https://sacramento.salvationarmy.org
46140,https://savemountdiablo.org
46404,https://scienceforgeorgia.org
46634,https://search.homedirection.org
46909,https://securemail.dime.com
47091,https://seniorsmobility.org
48189,https://shopmesamall.com
48609,https://siskiyouhealthcenter.com
48971,https://smart.gov.qa
49268,https://software.3d66.com
49572,https://southlakeorthopaedics.com
49761,https://spelling-test.com
49762,https://spellingbeenyt.net
50312,https://statetheatrehutch.com
50680,https://store.cloudforestmonteverde.com
50935,https://straighthellvideos.com
52056,https://sync.appfluence.com
52418,https://taylorswiftswitzerland.ch
52623,https://teeforsports.com
53142,https://thecat.mooo.com
53944,https://thesinkerguy.com
54929,https://townofranlo.org
56858,https://va-isleofwight.publicaccessnow.com
58008,https://wallyscafe.com
58335,https://wearethecure.org
58439,https://web.xdate.ai
58781,https://westloopmenu.dispensary33.com
58942,https://whitebison.org
59083,https://wiki.hard-light.net
59904,https://ww7.verifications.io
60004,https://www.123pleasantstreet.com
60137,https://www.440autosales.com
61006,https://www.alacriti.com
61212,https://www.allstatestextile.com
61679,https://www.anthonyspizza.menu
62020,https://www.arschools.org
62036,https://www.artexpertswebsite.com
62248,https://www.atcopestcontrol.com
62542,https://www.avetcoinc.com
62745,https://www.bakercountyfl.org
64278,https://www.bork.ru
64444,https://www.brandonamphitheater.com
65246,https://www.cameraloops.ru
66469,https://www.churchinteriors.com
66732,https://www.clarksvillespeedway.com
67026,https://www.coastergallery.com
67120,https://www.cohenjaffe.com
67311,https://www.communitycollegereview.com
67876,https://www.crbanktx.com
68176,https://www.cupw.ca
68568,https://www.dbtechnologies.com
69199,https://www.diversityfamilyhealth.com
69317,https://www.dollshouse.com
69331,https://www.dominicsappliance.com
69410,https://www.dotcpp.com
69607,https://www.drna.pr.gov
69737,https://www.duracelldirect.com
71276,https://www.farmalisto.com.mx
71621,https://www.fire-police-ems.com
72366,https://www.freestrim.com
72529,https://www.fullcirclereloading.com
73161,https://www.ginkandgasoline.com
73443,https://www.goldstarharley.com
73452,https://www.golfcarts-unlimited.com
73489,https://www.goodinthehood.org
73594,https://www.gourmetuus.shop
74214,https://www.haleyfuneraldirectors.com
74628,https://www.heartboxscotland.com
74713,https://www.heliosschool.org
74789,https://www.herculesfreight.com
75272,https://www.homophone.com
75829,https://www.ice-exchange.org
75980,https://www.ikuai8.com
76215,https://www.infodolar.com
77042,https://www.jitashe.org
78400,https://www.lanecrawford.com.hk
78487,https://www.latahlibrary.org
79308,https://www.llcp.com
79405,https://www.lombardosrestaurant.com
79990,https://www.mairovergara.com
80211,https://www.maritimeglutton.com
80228,https://www.marklin-users.net
80510,https://www.mbandmember.com
81234,https://www.millenniumluxurycoaches.com
81393,https://www.missoulabutterflyhouse.org
82030,https://www.muchasgraciasmexicanrestaurant.com
82308,https://www.myfsn.com
82310,https://www.myfurniturecountry.com
82962,https://www.neweconomynyc.org
82990,https://www.newjerseyrestareas.com
83162,https://www.ninaprotocol.com
83692,https://www.oachallenge.com
83872,https://www.ohiohuntingmaps.com
84158,https://www.onthetrailrentals.com
84398,https://www.otiumtour.com
84539,https://www.paar.org
85048,https://www.pbswisstools.com
85557,https://www.pinkbunnygames.com
85670,https://www.planet.fr
85786,https://www.poblanosmex.com
85898,https://www.poptv.com
86205,https://www.priceplow.com
86609,https://www.puzzlemaker.discoveryeducation.com
86615,https://www.pvoac.com
88794,https://www.scuffersusa.com
89293,https://www.shenangobeverage.com
90541,https://www.spinelliricciutifh.com
90966,https://www.stewart-kyle.com
91034,https://www.stmartha.org
91208,https://www.stricklandfuneralservices.com
91984,https://www.tbucketplans.com
93207,https://www.theventanaview.com
94248,https://www.tuofu100.cn
94391,https://www.ua342.org
94423,https://www.ucfcu.org
95028,https://www.vantagelens.com
95055,https://www.vaughntoyota.com
95194,https://www.vforvibes.com
95725,https://www.wallinfuneralhomes.com
95886,https://www.waterzooi.com
96052,https://www.weeksfuneral.com
96328,https://www.whitepostfarms.com
96367,https://www.wholewhale.com
97041,https://www.xxxhub.one
97042,https://www.xxxpussy.net
97338,https://www.zinsserprimers.com
97916,https://yxtg.taojike.com.cn
98047,https://zhs.pasco.k12.fl.us
