14,http://ajantaschools.com
83,http://classic.particracy.net
110,http://dewittfootball.org
285,http://nopasa.online
360,http://sebns.info
404,http://trackstar.4teachers.org
539,http://www.dakstats.com
662,http://www.lamptech.co.uk
706,http://www.mpprij.gob.ve
839,http://www.strokeorder.info
1867,https://accesounico.anam.gob.mx
2269,https://adfam.org.uk
2360,https://admission.kzoo.edu
2615,https://ag.us.mensa.org
3085,https://allairevillage.org
3161,https://allripken.com
3497,https://americareusa.hcshiring.com
3688,https://andrewshighschool.com
3752,https://animal-lovers.net
4104,https://app.bazaar-pay.ir
4838,https://apps.medcor.com
5057,https://arewecoolyet.wtf
5436,https://aslteachingresources.com
5520,https://astrodoughnuts.com
5641,https://atlasgeneticsoncology.org
5940,https://authorityhealth.org
6152,https://awsparts.com
6358,https://bainbridgecompanies.com
6421,https://ballot.org
6709,https://bbogd.com
6724,https://bbs.mihoyo.com
7273,https://bexar.polarislibrary.com
7438,https://bigforksummerplayhouse.com
7540,https://bilsonarms.com
8395,https://bookpipeline.com
8953,https://brothers-trucks.com
9063,https://btpl.org
9233,https://burialplans.live
9619,https://cakesbylynz.co.uk
10289,https://careers.rbglobal.com
11697,https://chris-craft.org
11779,https://chsmedcareers.com
11834,https://cid.uk.com
11903,https://citadelarmsusa.com
11978,https://cityofmiddleton.us
12541,https://cms.unlimitedvacationclub.com
12909,https://coloradostateplan.com
13136,https://community.thegrimescene.com
13335,https://connect.nais.org
13456,https://content.mpl.org
14425,https://ctdbase.org
14850,https://dalr.ae
14992,https://darwynhealth.com
15279,https://dcp.compwestinsurance.com
15299,https://de-babel.com
15553,https://dentalkidds.com
15610,https://descargar-magistv.com
16135,https://districtdentistryclt.com
16422,https://doct.ru
16652,https://downtown-jackson.com
17006,https://dumplingkingonline.us
17380,https://ebusinesspages.com
17722,https://eggcellentwork.com
17724,https://eggtown.com
18184,https://empiretattooinc.com
18738,https://erome.dev
18851,https://espanol.safelite.com
18921,https://estudios.unad.edu.co
19940,https://feelme.com
19947,https://feetforlifeshoes.com
20062,https://fiction.chronogram.chat
20632,https://fluid510.com
21378,https://freshcut.gg
21925,https://gaslampinsurance.com
21932,https://gastrodr.com
22740,https://gn2day.com
23223,https://gracedowlibrary.biblionix.com
23662,https://gsmis.buaa.edu.cn
24313,https://hc.com.vn
24904,https://herbalhealerscbd.com
25524,https://homeschooliowa.org
25666,https://hornomx.com
25705,https://hot975hot1039.com
25710,https://hotcrazymess.com
25872,https://hqvadventure.com
25877,https://hr.kzoo.edu
26048,https://humanesocietyofsedona.org
26553,https://igfa.org
26816,https://inba.gob.mx
26947,https://infinity.math-help.xyz
26964,https://info.computers-science.com
27058,https://inkjet.support.efi.com
27149,https://insights.mpls.k12.mn.us
27210,https://int-enviroguard.com
27762,https://ithelp.ut.ac.ir
29194,https://kghsathletics.com
29313,https://kingdomworkers.com
29459,https://klon.tv
29472,https://kmspicopt.site
29537,https://kobeyswap.com
29750,https://ky.ng.mil
29858,https://lafayette.in.gov
29923,https://lakewoodshootingrange.com
29986,https://landing.lust-goddess-game.com
30295,https://le.nra.org
30443,https://learningcenter.hfsa.org
30445,https://learningexchange.vumc.org
31016,https://lighthousenb.com
31057,https://lilrascalsrescue.org
31591,https://loggerheadmarinas.com
32276,https://m.bjnews.com.cn
33208,https://mautic.askastrology.com
33329,https://mcdonoughga.municipalonlinepayments.com
33700,https://members.aetnadentaloffers.com
34138,https://michaelssalon.com
34572,https://misspursuit.com
34722,https://mobileautorepairpros.com
35002,https://montverde.instructure.com
35141,https://motchillvu.net
35403,https://mtarchive.geol.iastate.edu
35514,https://murraystate.khpcontent.com
35667,https://my.aas.org
35727,https://my.cupahr.org
35740,https://my.econclubchi.org
35931,https://myaccess.tscbank.com
36072,https://mycof.catholicforester.org
36088,https://mycrochetpattern.com
36746,https://nationdistributor.com
36872,https://nccadv.org
37035,https://nemosnewsnetwork.com
37141,https://neuroscience.grad.uiowa.edu
37264,https://newpol.org
37496,https://nhhs.nmusd.us
37620,https://niu.e.kuaishou.com
37672,https://nlmas.nlmusd.org
38741,https://olay.co.uk
39125,https://opcares.opkansas.org
39130,https://open.163.com
39445,https://originalveniceshop.com
39666,https://ovarian.org
39816,https://packagedgasonline.mathesontrigas.com
40033,https://paperio2.glitch.me
40944,https://pgapply.cuhk.edu.cn
41082,https://phs.crprairie.org
41220,https://pine-city.typingclub.com
41862,https://porchlightproductions.org
42080,https://portal.sanicoinc.com
42573,https://printanywhere.bklynlibrary.org
42630,https://pro-plugin.qcc.com
42708,https://products.thefirestore.com
42729,https://profile.ut.ac.ir
43154,https://purekana.com
43315,https://qqcactus.poormanscow.com
43546,https://raeburnwinery.com
44358,https://reports.charities.org
45018,https://rnrgames.com
45127,https://rockfront.eu
45535,https://ruralhome.org
46140,https://savemountdiablo.org
46624,https://search.beamanrealty.com
46634,https://search.homedirection.org
47091,https://seniorsmobility.org
48189,https://shopmesamall.com
48876,https://sleeplessinarizona.com
48971,https://smart.gov.qa
49268,https://software.3d66.com
49572,https://southlakeorthopaedics.com
49761,https://spelling-test.com
49762,https://spellingbeenyt.net
50312,https://statetheatrehutch.com
50680,https://store.cloudforestmonteverde.com
50935,https://straighthellvideos.com
52056,https://sync.appfluence.com
52623,https://teeforsports.com
53142,https://thecat.mooo.com
53202,https://thecommunalfeast.com
53752,https://theoverlookinn.com
53956,https://thesolomonfoundation.org
54929,https://townofranlo.org
55720,https://txlegion.org
56858,https://va-isleofwight.publicaccessnow.com
58008,https://wallyscafe.com
58335,https://wearethecure.org
58781,https://westloopmenu.dispensary33.com
58844,https://wfp.text.scaletowin.com
58942,https://whitebison.org
59083,https://wiki.hard-light.net
59242,https://wilsonvethospital.com
59904,https://ww7.verifications.io
59920,https://www-604.aig.com
60004,https://www.123pleasantstreet.com
60561,https://www.actionlife.com
61006,https://www.alacriti.com
61212,https://www.allstatestextile.com
61759,https://www.apowersoft.cn
62020,https://www.arschools.org
62036,https://www.artexpertswebsite.com
62248,https://www.atcopestcontrol.com
62542,https://www.avetcoinc.com
62745,https://www.bakercountyfl.org
62836,https://www.bankofromney.net
63589,https://www.bigcabofest.com
63811,https://www.blackberryfarmdesign.com
64278,https://www.bork.ru
64444,https://www.brandonamphitheater.com
64463,https://www.brasileirinhas.com
65246,https://www.cameraloops.ru
65581,https://www.cartwrightfuneralhome.com
66469,https://www.churchinteriors.com
66732,https://www.clarksvillespeedway.com
67026,https://www.coastergallery.com
68176,https://www.cupw.ca
68568,https://www.dbtechnologies.com
69199,https://www.diversityfamilyhealth.com
69317,https://www.dollshouse.com
69410,https://www.dotcpp.com
69607,https://www.drna.pr.gov
69737,https://www.duracelldirect.com
70113,https://www.educa.jcyl.es
71170,https://www.faithchristianschool.org
71276,https://www.farmalisto.com.mx
71299,https://www.farnhamsfurniture.com
72366,https://www.freestrim.com
73412,https://www.goldenbank-na.com
73443,https://www.goldstarharley.com
73452,https://www.golfcarts-unlimited.com
73594,https://www.gourmetuus.shop
74628,https://www.heartboxscotland.com
74789,https://www.herculesfreight.com
75143,https://www.holidayham.com
75272,https://www.homophone.com
75829,https://www.ice-exchange.org
75980,https://www.ikuai8.com
76215,https://www.infodolar.com
77042,https://www.jitashe.org
77175,https://www.jomarvalve.com
78013,https://www.kpetersen.com
78400,https://www.lanecrawford.com.hk
78487,https://www.latahlibrary.org
79405,https://www.lombardosrestaurant.com
79480,https://www.lorissaskitchen.com
79905,https://www.magellanluxuryhotels.com
79990,https://www.mairovergara.com
80211,https://www.maritimeglutton.com
80228,https://www.marklin-users.net
80510,https://www.mbandmember.com
81234,https://www.millenniumluxurycoaches.com
81393,https://www.missoulabutterflyhouse.org
82000,https://www.mthollymotorsports.com
82030,https://www.muchasgraciasmexicanrestaurant.com
82310,https://www.myfurniturecountry.com
83162,https://www.ninaprotocol.com
83639,https://www.nwtucsongme.com
83692,https://www.oachallenge.com
83872,https://www.ohiohuntingmaps.com
84539,https://www.paar.org
85048,https://www.pbswisstools.com
85557,https://www.pinkbunnygames.com
85571,https://www.pioneerbks.com
86205,https://www.priceplow.com
86657,https://www.qizhidao.com
87534,https://www.ricesrapidmotorsports.com
88794,https://www.scuffersusa.com
89237,https://www.sharpenters.com
89293,https://www.shenangobeverage.com
89795,https://www.sjmotortrends.com
90056,https://www.smwfuneralhomes.net
90541,https://www.spinelliricciutifh.com
90966,https://www.stewart-kyle.com
91141,https://www.stpatrickscathedral.ie
91208,https://www.stricklandfuneralservices.com
91984,https://www.tbucketplans.com
92018,https://www.tea-and-coffee.com
93317,https://www.thompsonshoeswaverly.com
94197,https://www.tsrevt.com
94248,https://www.tuofu100.cn
94391,https://www.ua342.org
95028,https://www.vantagelens.com
95055,https://www.vaughntoyota.com
95194,https://www.vforvibes.com
95725,https://www.wallinfuneralhomes.com
95886,https://www.waterzooi.com
96367,https://www.wholewhale.com
97041,https://www.xxxhub.one
97042,https://www.xxxpussy.net
97338,https://www.zinsserprimers.com
97916,https://yxtg.taojike.com.cn
98047,https://zhs.pasco.k12.fl.us
