14,http://ajantaschools.com
47,http://biology4kids.com
83,http://classic.particracy.net
285,http://nopasa.online
360,http://sebns.info
404,http://trackstar.4teachers.org
539,http://www.dakstats.com
662,http://www.lamptech.co.uk
699,http://www.minec.gob.ve
1816,https://academy4acl.edclub.com
1907,https://account.360totalsecurity.com
2123,https://acornstairlifts.com
2360,https://admission.kzoo.edu
2499,https://advisorsmortgage.com
2615,https://ag.us.mensa.org
3161,https://allripken.com
3266,https://alpinezipline.com
3688,https://andrewshighschool.com
3752,https://animal-lovers.net
3938,https://apa.si.edu
4017,https://api.vericle.com
4903,https://apusa.org
5381,https://ashmoremarine.com
5436,https://aslteachingresources.com
5641,https://atlasgeneticsoncology.org
5936,https://authentifier.com
6152,https://awsparts.com
6358,https://bainbridgecompanies.com
6421,https://ballot.org
6453,https://banddirector.com
6709,https://bbogd.com
6724,https://bbs.mihoyo.com
7273,https://bexar.polarislibrary.com
7438,https://bigforksummerplayhouse.com
7540,https://bilsonarms.com
8191,https://boards.uhauldealer.com
8395,https://bookpipeline.com
8953,https://brothers-trucks.com
9063,https://btpl.org
9145,https://bugs.openjdk.org
9233,https://burialplans.live
9619,https://cakesbylynz.co.uk
10289,https://careers.rbglobal.com
11465,https://cheerscharleston.com
11697,https://chris-craft.org
11779,https://chsmedcareers.com
11903,https://citadelarmsusa.com
12541,https://cms.unlimitedvacationclub.com
13136,https://community.thegrimescene.com
13335,https://connect.nais.org
14406,https://csulb-sa.terradotta.com
14425,https://ctdbase.org
14482,https://cullmanpowerboard.utilitynexus.com
14850,https://dalr.ae
14992,https://darwynhealth.com
15279,https://dcp.compwestinsurance.com
15553,https://dentalkidds.com
15610,https://descargar-magistv.com
16422,https://doct.ru
16652,https://downtown-jackson.com
17006,https://dumplingkingonline.us
17221,https://easp.isp.msu.edu
17340,https://ebanking.meezanbank.com
17380,https://ebusinesspages.com
17722,https://eggcellentwork.com
17724,https://eggtown.com
18184,https://empiretattooinc.com
18447,https://english.khamenei.ir
18534,https://environment.princeton.edu
18738,https://erome.dev
18861,https://espo.nasa.gov
18921,https://estudios.unad.edu.co
19089,https://events.p2pi.com
19438,https://ezwheelsdriving.com
20971,https://forum.boardgamearena.com
20990,https://forum.drownedmods.org
21378,https://freshcut.gg
21446,https://frommanylands.com
22157,https://geo.vanderbilt.edu
22317,https://getplowed.com
23223,https://gracedowlibrary.biblionix.com
23574,https://groceryeshop.us
23755,https://guides.mnpals.net
24207,https://haseensofficial.com
24859,https://helpourmarriage.org
24911,https://herculesfreight.com
25775,https://housepartygame.com
25877,https://hr.kzoo.edu
26524,https://ievaphone.com
26816,https://inba.gob.mx
26947,https://infinity.math-help.xyz
26964,https://info.computers-science.com
27008,https://infodesk.pk
27149,https://insights.mpls.k12.mn.us
27210,https://int-enviroguard.com
27414,https://investor.workday.com
27762,https://ithelp.ut.ac.ir
28209,https://jetyehsunblocked.codehs.me
28568,https://jornalggn.com.br
28836,https://kaapaethanolcommodities.com
29307,https://kingcakes.rouses.com
29313,https://kingdomworkers.com
29472,https://kmspicopt.site
29537,https://kobeyswap.com
29682,https://kte.kmda.gov.ua
29750,https://ky.ng.mil
31016,https://lighthousenb.com
31313,https://littlepub.com
31490,https://lmusdparent.tehamaschools.org
32276,https://m.bjnews.com.cn
32365,https://macaronsandmimosas.com
32779,https://maple.software
33527,https://mediaflightplan.com
33650,https://melodify.app
34410,https://mindfuleve.com
34572,https://misspursuit.com
34722,https://mobileautorepairpros.com
35002,https://montverde.instructure.com
35141,https://motchillvu.net
35201,https://mountainvalleywaterasheville.com
36022,https://mybenefitswork.com
36115,https://myefe.com
37242,https://newjersey.sugarnights.com
37620,https://niu.e.kuaishou.com
37728,https://nocbor.com
38090,https://ntvplus.tv
38741,https://olay.co.uk
39130,https://open.163.com
39718,https://owning.com
42573,https://printanywhere.bklynlibrary.org
42630,https://pro-plugin.qcc.com
42729,https://profile.ut.ac.ir
43221,https://pwc.recsolu.com
43383,https://queerfever.com
43857,https://reallittleriverband.com
44322,https://rentals.retreattn.com
44978,https://rl.fx678.com
45806,https://sakosako.newhopes.info
46403,https://scienceblogs.com
46561,https://sdbotox.com
47091,https://seniorsmobility.org
47267,https://sewickleylibrary.org
47464,https://shelbycountyparks.com
47633,https://shop.apexop.com
47785,https://shop.gunsnh.com
47846,https://shop.libertyshooting.com
48414,https://signature.rezdy.com
48463,https://sillok.history.go.kr
48465,https://silverado.nvusd.org
48971,https://smart.gov.qa
49236,https://sociology.indiana.edu
49268,https://software.3d66.com
49761,https://spelling-test.com
49762,https://spellingbeenyt.net
50312,https://statetheatrehutch.com
50455,https://sterlingclosings.com
52329,https://tarapools.com
52884,https://tfs.rcschools.net
52978,https://theactionchurch.churchcenter.com
53037,https://thebargainhunter.com
53369,https://thefrenchfarmhousevenue.com
53494,https://thehudson.insanejournal.com
53576,https://thelearningcounsel.com
54222,https://thompsonfuneral.com
54223,https://thompsonfunerals.com
54579,https://tn-guns.com
54900,https://tourismoceanshores.com
55488,https://tso.com
55692,https://twobadtourists.com
56649,https://user.nipic.com
57937,https://wagerlocks.com
58439,https://web.xdate.ai
58942,https://whitebison.org
59334,https://winterstudy.williams.edu
60004,https://www.123pleasantstreet.com
60596,https://www.acwifi.net
60762,https://www.aetonline.org
61004,https://www.alabamasheriffs.com
61006,https://www.alacriti.com
61193,https://www.allover30free.com
61364,https://www.amazoncruise.net
61828,https://www.aqualifewater.com
61978,https://www.armadillowillys.com
62542,https://www.avetcoinc.com
62849,https://www.bannerplumbing.com
63824,https://www.blackfemaletherapists.com
63880,https://www.blaylockfuneralhome.com
64362,https://www.bowersfuneralhome.net
64399,https://www.bpharveyfuneralhome.com
64490,https://www.breakerbrewingcompany.com
64862,https://www.bulldogguns.us
64879,https://www.burginfuneralhome.com
65799,https://www.ccmcc.edu
66097,https://www.chappatte.com
66723,https://www.claritywilmington.com
66856,https://www.cliffordfuneralhome.com
67092,https://www.coffee.bank
67899,https://www.creativecommunityforpeace.com
69317,https://www.dollshouse.com
69410,https://www.dotcpp.com
69737,https://www.duracelldirect.com
71359,https://www.fb101.com
72218,https://www.fpcc.edu
72583,https://www.funtime.com.tw
73927,https://www.griefincommon.com
74839,https://www.hersheyfcu.org
74917,https://www.hifuli.com
75272,https://www.homophone.com
75337,https://www.hopesandoval.com
76793,https://www.japanesecarconnection.com
77042,https://www.jitashe.org
78400,https://www.lanecrawford.com.hk
78929,https://www.liddiardhf.com
78963,https://www.lifespringhealthsystems.org
79022,https://www.linbeckteambuild.com
79103,https://www.liontravel.com
79787,https://www.lyricbirdfood.com
80211,https://www.maritimeglutton.com
80212,https://www.maritimequest.com
80510,https://www.mbandmember.com
80552,https://www.mccf.org
80678,https://www.meadowsbank.bank
81703,https://www.moonshot.cn
81812,https://www.motionchevrolet.com
82253,https://www.mycitizensnews.com
82308,https://www.myfsn.com
82744,https://www.nbdeli.com
83136,https://www.nicopress.com
83450,https://www.noticiasaominuto.com.br
83519,https://www.nrem.iastate.edu
83692,https://www.oachallenge.com
83872,https://www.ohiohuntingmaps.com
84815,https://www.parksassociates.com
85786,https://www.poblanosmex.com
86045,https://www.powersports-diag.com
86836,https://www.radtorque.com
87761,https://www.roadtoroota.com
88374,https://www.salvationdata.com
88534,https://www.sauer.de
88794,https://www.scuffersusa.com
89008,https://www.seminoleproducer.com
89723,https://www.singlestravelintl.com
89831,https://www.skimountaineer.com
90336,https://www.southcountyri.com
91032,https://www.stmarkscatholicchurch.org
91518,https://www.surfsantamonica.com
91984,https://www.tbucketplans.com
92349,https://www.theavenuestainedglass.com
93140,https://www.thestandard.com.hk
93366,https://www.ticketek.com.ar
93448,https://www.timeforchangefoundation.org
93535,https://www.tkmperformance.com
93768,https://www.tourismkelowna.com
93773,https://www.tournamentinabox.com
94132,https://www.truckdrivingjobs.com
94248,https://www.tuofu100.cn
94580,https://www.unioncountyoh.com
95028,https://www.vantagelens.com
95430,https://www.visiteffinghamil.com
95438,https://www.visitlenawee.com
95448,https://www.visitnorman.com
95464,https://www.visitveronawi.com
95665,https://www.wadsworthlibrary.com
96260,https://www.whalecoveinn.com
96397,https://www.widgi.com
96560,https://www.wineglassmarathon.com
96604,https://www.wintersexpress.com
97274,https://www.zeefilmstv.com
97338,https://www.zinsserprimers.com
