20,http://butterman.in
32,http://ckaufman.com
63,http://govtcollegekariavattom.ac.in
121,http://nobat.irankhodrozibaee.ir
140,http://proscada.ru
238,http://www.flatgradings.com
302,http://www.rttcmysore.bsnl.co.in
329,http://www.tuisyen.my
938,https://beurettevideos.org
1003,https://blog.abemf.com.br
1070,https://booklist-lab.com
1242,https://casinomarico.info
1593,https://daamkala.com
1763,https://donsabores.com
1979,https://ennajah-librairie.com
2020,https://escueladeoratoria.com.ar
2086,https://fadlprivate.com
2436,https://gogobrazil.com
2517,https://grupodimeco.com.mx
2668,https://historyofjapan.co.uk
2981,https://job.rfa-co.com
3042,https://kaarisho.com
3202,https://korean-air.biz
3490,https://lpgc.coj.go.th
3557,https://m2-krd.site
3593,https://makskala.ir
3613,https://mapy.zywiec.powiat.pl
3660,https://masyounomiya.eei.jp
3871,https://mpsotc.army.gr
3878,https://mrwakamiya12.angelfire.com
4038,https://newsletter.willhaben.at
4463,https://pizzariaoba.com.br
4504,https://pokemaru.info
4716,https://recambiosjardin.com
4796,https://rezervasyon.btu.edu.tr
4856,https://rostov.winestyle.ru
4957,https://sarms.io
5239,https://sobatgacor88x.pro
5480,https://tahviehtoos.com
5557,https://terapagesan.com
6014,https://vista-sante.com
6366,https://www.apsroofingservices.co.uk
6444,https://www.automotive-control.co.uk
6475,https://www.bali88trans.com
6486,https://www.basfilament.com
6636,https://www.buscapesca.com.br
6659,https://www.camaraiguatemi.ms.gov.br
6857,https://www.cotopaxi.gob.ec
7083,https://www.elektradomesticos.es
7324,https://www.gcwnk.ac.in
7483,https://www.hi-chew.com.tw
7571,https://www.iglesiacatolica.org.gt
7600,https://www.inigame.id
7698,https://www.joybaji1.com
8182,https://www.nasrullahsurucukursu.com
8190,https://www.nbts.go.tz
8922,https://www.staradrukarnia.pl
9007,https://www.syjh.ntpc.edu.tw
9296,https://www.vivaedeixeviver.org.br
9391,https://www.xn--mkrm-6qab17f.hu
9415,https://www.ym3hp6pdxj.life
