63,http://govtcollegekariavattom.ac.in
204,http://www.berlangadeduero.es
818,https://aysankhavarmiane.com
1070,https://booklist-lab.com
1192,https://cannacaresf.com
1202,https://cardapio.pizzapoint.com.br
1284,https://centroholistico.com.co
1532,https://crawfordsautoservice.com
1676,https://desenvolve.se.gov.br
1837,https://duotermica.it
2668,https://historyofjapan.co.uk
2960,https://jersa.pl
4029,https://newcreativities.com
4070,https://niziptcik.adalet.gov.tr
4610,https://promokod777.com
4816,https://ringsatu.net
4870,https://rsv.longinghouse.jp
4957,https://sarms.io
6279,https://www.agriomarket.com
6358,https://www.apartment-marketing.com
6493,https://www.bazardonpedro.com
6857,https://www.cotopaxi.gob.ec
7083,https://www.elektradomesticos.es
8555,https://www.pushpajshah.com
8850,https://www.smbom.com
