63,http://govtcollegekariavattom.ac.in
121,http://nobat.irankhodrozibaee.ir
204,http://www.berlangadeduero.es
228,http://www.dangdi.99wat.com
818,https://aysankhavarmiane.com
1070,https://booklist-lab.com
1284,https://centroholistico.com.co
1349,https://chosun.dcollection.net
1676,https://desenvolve.se.gov.br
1821,https://droit-unikin.ac.cd
2027,https://esteticablanco.cl
2106,https://fashionfreakk12.cartpe.in
2232,https://fosi.fp.unila.ac.id
2298,https://gacaionindonesia.com
2455,https://gordinsbutchershoppe.com
2668,https://historyofjapan.co.uk
2738,https://hselec.co.uk
4029,https://newcreativities.com
4610,https://promokod777.com
4718,https://recibosdenomina.uabc.mx
4856,https://rostov.winestyle.ru
4957,https://sarms.io
4998,https://sds.evonik.com
5030,https://selfservice.uoeld.ac.ke
5325,https://ss.worksheethouse.com
5726,https://toikhoedephon.vn
6014,https://vista-sante.com
6239,https://www.accentosalute.it
6252,https://www.ad-agents.com
6358,https://www.apartment-marketing.com
6399,https://www.arron-shop.md
6555,https://www.biosio.it
6753,https://www.chitarraimotor.it
6857,https://www.cotopaxi.gob.ec
6962,https://www.dinali.fr
6963,https://www.dionysos.berlin
7017,https://www.duke-winch.com
8297,https://www.omochahouse.com
8431,https://www.pharaon.fr
8646,https://www.rideeliteco.com
8764,https://www.seiganka.com
9003,https://www.swisslux.ch
