32,http://ckaufman.com
63,http://govtcollegekariavattom.ac.in
140,http://proscada.ru
213,http://www.cammunicipio1.aldia.it
302,http://www.rttcmysore.bsnl.co.in
329,http://www.tuisyen.my
805,https://avenacanada.com
818,https://aysankhavarmiane.com
938,https://beurettevideos.org
1003,https://blog.abemf.com.br
1070,https://booklist-lab.com
1116,https://bruttoy.com
1242,https://casinomarico.info
1276,https://centralcanap.fr
1284,https://centroholistico.com.co
1676,https://desenvolve.se.gov.br
1763,https://donsabores.com
1979,https://ennajah-librairie.com
2027,https://esteticablanco.cl
2086,https://fadlprivate.com
2106,https://fashionfreakk12.cartpe.in
2137,https://fesselmenfirearms.com
2436,https://gogobrazil.com
2517,https://grupodimeco.com.mx
2668,https://historyofjapan.co.uk
2948,https://javiergomiz.com
2981,https://job.rfa-co.com
3109,https://keltican.bg
3202,https://korean-air.biz
3436,https://lminterier.eu
3473,https://lornrider.com
3490,https://lpgc.coj.go.th
3557,https://m2-krd.site
3593,https://makskala.ir
3613,https://mapy.zywiec.powiat.pl
3871,https://mpsotc.army.gr
3878,https://mrwakamiya12.angelfire.com
4011,https://needzoon.com.bd
4463,https://pizzariaoba.com.br
4504,https://pokemaru.info
4757,https://remington.pizzabolis.com
4796,https://rezervasyon.btu.edu.tr
4957,https://sarms.io
5126,https://shop.scavolini.com
5239,https://sobatgacor88x.pro
5557,https://terapagesan.com
6014,https://vista-sante.com
6366,https://www.apsroofingservices.co.uk
6636,https://www.buscapesca.com.br
6659,https://www.camaraiguatemi.ms.gov.br
6857,https://www.cotopaxi.gob.ec
7074,https://www.eku.sk
7183,https://www.falzeben.com
7312,https://www.gasstop.com.au
7324,https://www.gcwnk.ac.in
7483,https://www.hi-chew.com.tw
7571,https://www.iglesiacatolica.org.gt
7600,https://www.inigame.id
7698,https://www.joybaji1.com
8501,https://www.pousadaalcatrazes.com.br
8601,https://www.regence.ca
8677,https://www.routerfreak.com
9007,https://www.syjh.ntpc.edu.tw
9292,https://www.vistaimoveissjbv.com.br
9415,https://www.ym3hp6pdxj.life
