32,http://ckaufman.com
58,http://filesell20.rozblog.com
82,http://karakuri-tamaya.jp
140,http://proscada.ru
288,http://www.orgsyn.org
302,http://www.rttcmysore.bsnl.co.in
329,http://www.tuisyen.my
938,https://beurettevideos.org
1070,https://booklist-lab.com
1202,https://cardapio.pizzapoint.com.br
1242,https://casinomarico.info
1276,https://centralcanap.fr
1284,https://centroholistico.com.co
1676,https://desenvolve.se.gov.br
1732,https://dl-mirpurkhas-v.com
1763,https://donsabores.com
1780,https://dpay.pl
1979,https://ennajah-librairie.com
2032,https://etafashion.seedbilling.ec
2086,https://fadlprivate.com
2137,https://fesselmenfirearms.com
2173,https://firwoodtimber.co.uk
2436,https://gogobrazil.com
2668,https://historyofjapan.co.uk
3202,https://korean-air.biz
3354,https://lebellevue.fr
3400,https://lightboxindonesia.co.id
3473,https://lornrider.com
3490,https://lpgc.coj.go.th
3557,https://m2-krd.site
3613,https://mapy.zywiec.powiat.pl
3625,https://mariachigaribaldipasto.com
3802,https://mip-produits-italiens.fr
4011,https://needzoon.com.bd
4397,https://perzischemarkt.nl
4463,https://pizzariaoba.com.br
4504,https://pokemaru.info
4838,https://rociogarciapropiedades.com
4856,https://rostov.winestyle.ru
5239,https://sobatgacor88x.pro
5391,https://sttm.blogfa.com
5557,https://terapagesan.com
5778,https://transcript.com
5920,https://uzdxa.uz
6014,https://vista-sante.com
6188,https://ww25.team3inmatecanteen.com
6239,https://www.accentosalute.it
6279,https://www.agriomarket.com
6281,https://www.agro-kocieba.pl
6332,https://www.amf46.fr
6366,https://www.apsroofingservices.co.uk
6636,https://www.buscapesca.com.br
6659,https://www.camaraiguatemi.ms.gov.br
6834,https://www.comune.forenza.pz.it
7083,https://www.elektradomesticos.es
7252,https://www.fondazioneeris.it
7324,https://www.gcwnk.ac.in
7359,https://www.gmfgrafica.com.br
7483,https://www.hi-chew.com.tw
7571,https://www.iglesiacatolica.org.gt
7600,https://www.inigame.id
7698,https://www.joybaji1.com
7717,https://www.kai-tawaranaika.com
7765,https://www.kidsandkafe.com
8225,https://www.nine9.co.il
8668,https://www.romantica-nohfelden.de
8677,https://www.routerfreak.com
9007,https://www.syjh.ntpc.edu.tw
9415,https://www.ym3hp6pdxj.life
