63,http://govtcollegekariavattom.ac.in
204,http://www.berlangadeduero.es
772,https://attech.kz
852,https://baramomos.fr
916,https://benheine.com
1070,https://booklist-lab.com
1162,https://c-z.kz
1729,https://djs-spectacles.website
1821,https://droit-unikin.ac.cd
2232,https://fosi.fp.unila.ac.id
2410,https://gk-spirt-med-mobile-app.site
2668,https://historyofjapan.co.uk
3098,https://keeneeng.com
4029,https://newcreativities.com
4441,https://pietras.ar
4610,https://promokod777.com
4877,https://ru.piascledine.com
4957,https://sarms.io
6014,https://vista-sante.com
6196,https://www-s4.npr.org
6358,https://www.apartment-marketing.com
6561,https://www.bits4school.com
6857,https://www.cotopaxi.gob.ec
7021,https://www.dusickovo.sk
7425,https://www.gwosteopathy.co.uk
8345,https://www.osteriaciclabile.com
8389,https://www.passion-piston.fr
8760,https://www.secimoveis.com.br
8922,https://www.staradrukarnia.pl
9245,https://www.valeimoveislajeado.com.br
9415,https://www.ym3hp6pdxj.life
